4.175434261560440063e-02
7.777594029903411865e-02
6.273102760314941406e-01
2.350083589553833008e+00
7.537528038024902344e+00
4.254966735839843750e+00
4.985420608520507812e+01
1.424749755859375000e+03
9.745071289062500000e+03
6.845655468750000000e+04
2.248068437500000000e+05
8.590840625000000000e+04
5.202548828125000000e+04
4.059036875000000000e+05
1.465628875000000000e+06
4.744868800000000000e+07
1.233161700000000000e+07
6.143944320000000000e+08
9.235331200000000000e+07
1.039230640000000000e+08
