2.672210575838107616e-05
2.306614769622683525e-03
2.469801716506481171e-02
2.206521332263946533e-01
1.470782876014709473e+00
6.722360134124755859e+00
3.727819442749023438e+01
1.306690979003906250e+02
9.560745239257812500e+01
3.471549987792968750e+01
6.115897178649902344e+00
4.244602203369140625e+00
2.982428073883056641e+00
3.995681524276733398e+00
9.670699946582317352e-03
3.597310058593750000e+03
1.552051943996130001e-13
2.093411132812500000e+03
0.000000000000000000e+00
0.000000000000000000e+00
