-1.385926961898803711e+00
-1.375128030776977539e+00
-1.340400576591491699e+00
-1.277090549468994141e+00
-1.147942662239074707e+00
-1.028709411621093750e+00
-1.301162242889404297e+00
-2.088339805603027344e+00
-2.522581815719604492e+00
-2.398852348327636719e+00
-1.703855037689208984e+00
-8.096326589584350586e-01
-7.664179801940917969e-01
-7.823418378829956055e-01
-1.719255089759826660e+00
-1.442945289611816406e+01
-4.412066936492919922e+00
-1.522538185119628906e+01
-2.731088256835937500e+01
-1.181935310363769531e+01
